<?xml version="1.0" encoding="UTF-8"?>
<!-- Generated by org.testng.reporters.JUnitXMLReporter -->
<testsuite ignored="2" hostname="Julias-MacBook-Pro.local" failures="0" tests="1" name="Divide" time="0.01" errors="0" timestamp="28 Mar 2021 21:01:16 GMT">
  <testcase classname="com.kaz.jenkins.CalculatorTest" name="divideTest" time="0.002"/>
  <testcase classname="com.kaz.jenkins.CalculatorTest" name="failedTest" time="0.0">
    <ignored/>
  </testcase> <!-- failedTest -->
  <testcase classname="com.kaz.jenkins.CalculatorTest" name="addTest" time="0.0">
    <ignored/>
  </testcase> <!-- addTest -->
</testsuite> <!-- Divide -->
