<?xml version="1.0" encoding="UTF-8"?>
<testsuite xmlns:xsi="http://www.w3.org/2001/XMLSchema-instance" xsi:noNamespaceSchemaLocation="https://maven.apache.org/surefire/maven-surefire-plugin/xsd/surefire-test-report.xsd" name="TestSuite" time="6.417" tests="3" errors="0" skipped="0" failures="1">
  <properties>
[...]
</properties>
  <testcase name="addTest" classname="com.kaz.jenkins.CalculatorTest" time="0.049"/>
  <testcase name="divideTest" classname="com.kaz.jenkins.CalculatorTest" time="0.002"/>
  <testcase name="failedTest" classname="com.kaz.jenkins.CalculatorTest" time="0.013">
    <failure message="This should be [FALSE] but was [TRUE] ==== expected:&lt;false&gt; but was:&lt;true&gt;" type="java.lang.AssertionError"><![CDATA[java.lang.AssertionError: This should be [FALSE] but was [TRUE] ==== expected:<false> but was:<true>
	at com.kaz.jenkins.CalculatorTest.failedTest(CalculatorTest.java:61)
]]></failure>
    <system-out><![CDATA[13:31:57.756 [main] ERROR com.kaz.jenkins.CalculatorTest - ==== Test [failedTest] start ====
13:31:57.756 [main] ERROR com.kaz.jenkins.Calculator - Multiplying {10}, {2}
]]></system-out>
  </testcase>
</testsuite>